<?xml version="1.0" encoding="UTF-8"?>
<testsuite xmlns:xsi="http://www.w3.org/2001/XMLSchema-instance" xsi:noNamespaceSchemaLocation="https://maven.apache.org/surefire/maven-surefire-plugin/xsd/surefire-test-report.xsd" name="Login Functionality" time="24.979" tests="1" errors="0" skipped="0" failures="0">
  <properties>
    <property name="gopherProxySet" value="false"/>
    <property name="awt.toolkit" value="sun.lwawt.macosx.LWCToolkit"/>
    <property name="file.encoding.pkg" value="sun.io"/>
    <property name="java.specification.version" value="1.8"/>
    <property name="sun.cpu.isalist" value=""/>
    <property name="sun.jnu.encoding" value="UTF-8"/>
    <property name="java.class.path" value="/Users/ankranja/cucumber-webdriver-pageFactory/target/test-classes:/Users/ankranja/cucumber-webdriver-pageFactory/target/classes:/Users/ankranja/.m2/repository/junit/junit/4.12/junit-4.12.jar:/Users/ankranja/.m2/repository/org/hamcrest/hamcrest-core/1.3/hamcrest-core-1.3.jar:/Users/ankranja/.m2/repository/org/seleniumhq/selenium/selenium-java/3.14.0/selenium-java-3.14.0.jar:/Users/ankranja/.m2/repository/org/seleniumhq/selenium/selenium-api/3.14.0/selenium-api-3.14.0.jar:/Users/ankranja/.m2/repository/org/seleniumhq/selenium/selenium-chrome-driver/3.14.0/selenium-chrome-driver-3.14.0.jar:/Users/ankranja/.m2/repository/org/seleniumhq/selenium/selenium-edge-driver/3.14.0/selenium-edge-driver-3.14.0.jar:/Users/ankranja/.m2/repository/org/seleniumhq/selenium/selenium-firefox-driver/3.14.0/selenium-firefox-driver-3.14.0.jar:/Users/ankranja/.m2/repository/org/seleniumhq/selenium/selenium-ie-driver/3.14.0/selenium-ie-driver-3.14.0.jar:/Users/ankranja/.m2/repository/org/seleniumhq/selenium/selenium-opera-driver/3.14.0/selenium-opera-driver-3.14.0.jar:/Users/ankranja/.m2/repository/org/seleniumhq/selenium/selenium-remote-driver/3.14.0/selenium-remote-driver-3.14.0.jar:/Users/ankranja/.m2/repository/org/seleniumhq/selenium/selenium-safari-driver/3.14.0/selenium-safari-driver-3.14.0.jar:/Users/ankranja/.m2/repository/org/seleniumhq/selenium/selenium-support/3.14.0/selenium-support-3.14.0.jar:/Users/ankranja/.m2/repository/net/bytebuddy/byte-buddy/1.8.15/byte-buddy-1.8.15.jar:/Users/ankranja/.m2/repository/org/apache/commons/commons-exec/1.3/commons-exec-1.3.jar:/Users/ankranja/.m2/repository/commons-codec/commons-codec/1.10/commons-codec-1.10.jar:/Users/ankranja/.m2/repository/commons-logging/commons-logging/1.2/commons-logging-1.2.jar:/Users/ankranja/.m2/repository/com/google/guava/guava/25.0-jre/guava-25.0-jre.jar:/Users/ankranja/.m2/repository/com/google/code/findbugs/jsr305/1.3.9/jsr305-1.3.9.jar:/Users/ankranja/.m2/repository/org/checkerframework/checker-compat-qual/2.0.0/checker-compat-qual-2.0.0.jar:/Users/ankranja/.m2/repository/com/google/errorprone/error_prone_annotations/2.1.3/error_prone_annotations-2.1.3.jar:/Users/ankranja/.m2/repository/com/google/j2objc/j2objc-annotations/1.1/j2objc-annotations-1.1.jar:/Users/ankranja/.m2/repository/org/codehaus/mojo/animal-sniffer-annotations/1.14/animal-sniffer-annotations-1.14.jar:/Users/ankranja/.m2/repository/org/apache/httpcomponents/httpclient/4.5.5/httpclient-4.5.5.jar:/Users/ankranja/.m2/repository/org/apache/httpcomponents/httpcore/4.4.9/httpcore-4.4.9.jar:/Users/ankranja/.m2/repository/com/squareup/okhttp3/okhttp/3.10.0/okhttp-3.10.0.jar:/Users/ankranja/.m2/repository/com/squareup/okio/okio/1.14.1/okio-1.14.1.jar:/Users/ankranja/.m2/repository/io/cucumber/cucumber-java/4.8.0/cucumber-java-4.8.0.jar:/Users/ankranja/.m2/repository/io/cucumber/cucumber-core/4.8.0/cucumber-core-4.8.0.jar:/Users/ankranja/.m2/repository/io/cucumber/tag-expressions/1.1.1/tag-expressions-1.1.1.jar:/Users/ankranja/.m2/repository/io/cucumber/cucumber-expressions/7.0.2/cucumber-expressions-7.0.2.jar:/Users/ankranja/.m2/repository/io/cucumber/datatable/1.1.14/datatable-1.1.14.jar:/Users/ankranja/.m2/repository/io/cucumber/datatable-dependencies/1.1.14/datatable-dependencies-1.1.14.jar:/Users/ankranja/.m2/repository/org/apiguardian/apiguardian-api/1.1.0/apiguardian-api-1.1.0.jar:/Users/ankranja/.m2/repository/io/cucumber/cucumber-jvm-deps/1.0.6/cucumber-jvm-deps-1.0.6.jar:/Users/ankranja/.m2/repository/io/cucumber/cucumber-junit/4.8.0/cucumber-junit-4.8.0.jar:/Users/ankranja/.m2/repository/io/cucumber/cucumber-picocontainer/4.7.4/cucumber-picocontainer-4.7.4.jar:/Users/ankranja/.m2/repository/org/picocontainer/picocontainer/2.15/picocontainer-2.15.jar:/Users/ankranja/.m2/repository/com/github/javafaker/javafaker/1.0.1/javafaker-1.0.1.jar:/Users/ankranja/.m2/repository/org/apache/commons/commons-lang3/3.5/commons-lang3-3.5.jar:/Users/ankranja/.m2/repository/org/yaml/snakeyaml/1.23/snakeyaml-1.23-android.jar:/Users/ankranja/.m2/repository/com/github/mifmif/generex/1.0.2/generex-1.0.2.jar:/Users/ankranja/.m2/repository/dk/brics/automaton/automaton/1.11-8/automaton-1.11-8.jar:/Users/ankranja/.m2/repository/de/monochromata/cucumber/reporting-plugin/3.0.7/reporting-plugin-3.0.7.jar:/Users/ankranja/.m2/repository/io/cucumber/gherkin/5.1.0/gherkin-5.1.0.jar:/Users/ankranja/.m2/repository/io/cucumber/gherkin-jvm-deps/1.0.4/gherkin-jvm-deps-1.0.4.jar:/Users/ankranja/.m2/repository/net/masterthought/cucumber-reporting/4.11.0/cucumber-reporting-4.11.0.jar:/Users/ankranja/.m2/repository/com/fasterxml/jackson/core/jackson-databind/2.10.0.pr2/jackson-databind-2.10.0.pr2.jar:/Users/ankranja/.m2/repository/com/fasterxml/jackson/core/jackson-annotations/2.10.0.pr2/jackson-annotations-2.10.0.pr2.jar:/Users/ankranja/.m2/repository/com/fasterxml/jackson/core/jackson-core/2.10.0.pr2/jackson-core-2.10.0.pr2.jar:/Users/ankranja/.m2/repository/org/apache/velocity/velocity-engine-core/2.1/velocity-engine-core-2.1.jar:/Users/ankranja/.m2/repository/commons-collections/commons-collections/3.2.2/commons-collections-3.2.2.jar:/Users/ankranja/.m2/repository/joda-time/joda-time/2.10.2/joda-time-2.10.2.jar:/Users/ankranja/.m2/repository/org/codehaus/plexus/plexus-utils/3.2.0/plexus-utils-3.2.0.jar:/Users/ankranja/.m2/repository/com/googlecode/owasp-java-html-sanitizer/owasp-java-html-sanitizer/20190610.1/owasp-java-html-sanitizer-20190610.1.jar:/Users/ankranja/.m2/repository/commons-configuration/commons-configuration/1.10/commons-configuration-1.10.jar:/Users/ankranja/.m2/repository/commons-lang/commons-lang/2.6/commons-lang-2.6.jar:/Users/ankranja/.m2/repository/io/github/bonigarcia/webdrivermanager/3.7.1/webdrivermanager-3.7.1.jar:/Users/ankranja/.m2/repository/org/slf4j/slf4j-api/1.7.25/slf4j-api-1.7.25.jar:/Users/ankranja/.m2/repository/commons-io/commons-io/2.6/commons-io-2.6.jar:/Users/ankranja/.m2/repository/com/google/code/gson/gson/2.8.5/gson-2.8.5.jar:/Users/ankranja/.m2/repository/org/rauschig/jarchivelib/1.0.0/jarchivelib-1.0.0.jar:/Users/ankranja/.m2/repository/org/apache/commons/commons-compress/1.18/commons-compress-1.18.jar:/Users/ankranja/.m2/repository/org/jsoup/jsoup/1.11.3/jsoup-1.11.3.jar:/Users/ankranja/.m2/repository/org/apache/logging/log4j/log4j-core/2.12.1/log4j-core-2.12.1.jar:/Users/ankranja/.m2/repository/org/apache/logging/log4j/log4j-api/2.12.1/log4j-api-2.12.1.jar:"/>
    <property name="java.vm.vendor" value="Oracle Corporation"/>
    <property name="sun.arch.data.model" value="64"/>
    <property name="java.vendor.url" value="http://java.oracle.com/"/>
    <property name="user.timezone" value="Asia/Kolkata"/>
    <property name="java.vm.specification.version" value="1.8"/>
    <property name="os.name" value="Mac OS X"/>
    <property name="user.country" value="IN"/>
    <property name="sun.java.launcher" value="SUN_STANDARD"/>
    <property name="sun.boot.library.path" value="/Library/Java/JavaVirtualMachines/jdk1.8.0_211.jdk/Contents/Home/jre/lib"/>
    <property name="sun.java.command" value="/Users/ankranja/cucumber-webdriver-pageFactory/target/surefire/surefirebooter3233204362588027897.jar /Users/ankranja/cucumber-webdriver-pageFactory/target/surefire 2019-10-23T15-15-56_920-jvmRun1 surefire5461825704741558043tmp surefire_02081609137897109741tmp"/>
    <property name="surefire.test.class.path" value="/Users/ankranja/cucumber-webdriver-pageFactory/target/test-classes:/Users/ankranja/cucumber-webdriver-pageFactory/target/classes:/Users/ankranja/.m2/repository/junit/junit/4.12/junit-4.12.jar:/Users/ankranja/.m2/repository/org/hamcrest/hamcrest-core/1.3/hamcrest-core-1.3.jar:/Users/ankranja/.m2/repository/org/seleniumhq/selenium/selenium-java/3.14.0/selenium-java-3.14.0.jar:/Users/ankranja/.m2/repository/org/seleniumhq/selenium/selenium-api/3.14.0/selenium-api-3.14.0.jar:/Users/ankranja/.m2/repository/org/seleniumhq/selenium/selenium-chrome-driver/3.14.0/selenium-chrome-driver-3.14.0.jar:/Users/ankranja/.m2/repository/org/seleniumhq/selenium/selenium-edge-driver/3.14.0/selenium-edge-driver-3.14.0.jar:/Users/ankranja/.m2/repository/org/seleniumhq/selenium/selenium-firefox-driver/3.14.0/selenium-firefox-driver-3.14.0.jar:/Users/ankranja/.m2/repository/org/seleniumhq/selenium/selenium-ie-driver/3.14.0/selenium-ie-driver-3.14.0.jar:/Users/ankranja/.m2/repository/org/seleniumhq/selenium/selenium-opera-driver/3.14.0/selenium-opera-driver-3.14.0.jar:/Users/ankranja/.m2/repository/org/seleniumhq/selenium/selenium-remote-driver/3.14.0/selenium-remote-driver-3.14.0.jar:/Users/ankranja/.m2/repository/org/seleniumhq/selenium/selenium-safari-driver/3.14.0/selenium-safari-driver-3.14.0.jar:/Users/ankranja/.m2/repository/org/seleniumhq/selenium/selenium-support/3.14.0/selenium-support-3.14.0.jar:/Users/ankranja/.m2/repository/net/bytebuddy/byte-buddy/1.8.15/byte-buddy-1.8.15.jar:/Users/ankranja/.m2/repository/org/apache/commons/commons-exec/1.3/commons-exec-1.3.jar:/Users/ankranja/.m2/repository/commons-codec/commons-codec/1.10/commons-codec-1.10.jar:/Users/ankranja/.m2/repository/commons-logging/commons-logging/1.2/commons-logging-1.2.jar:/Users/ankranja/.m2/repository/com/google/guava/guava/25.0-jre/guava-25.0-jre.jar:/Users/ankranja/.m2/repository/com/google/code/findbugs/jsr305/1.3.9/jsr305-1.3.9.jar:/Users/ankranja/.m2/repository/org/checkerframework/checker-compat-qual/2.0.0/checker-compat-qual-2.0.0.jar:/Users/ankranja/.m2/repository/com/google/errorprone/error_prone_annotations/2.1.3/error_prone_annotations-2.1.3.jar:/Users/ankranja/.m2/repository/com/google/j2objc/j2objc-annotations/1.1/j2objc-annotations-1.1.jar:/Users/ankranja/.m2/repository/org/codehaus/mojo/animal-sniffer-annotations/1.14/animal-sniffer-annotations-1.14.jar:/Users/ankranja/.m2/repository/org/apache/httpcomponents/httpclient/4.5.5/httpclient-4.5.5.jar:/Users/ankranja/.m2/repository/org/apache/httpcomponents/httpcore/4.4.9/httpcore-4.4.9.jar:/Users/ankranja/.m2/repository/com/squareup/okhttp3/okhttp/3.10.0/okhttp-3.10.0.jar:/Users/ankranja/.m2/repository/com/squareup/okio/okio/1.14.1/okio-1.14.1.jar:/Users/ankranja/.m2/repository/io/cucumber/cucumber-java/4.8.0/cucumber-java-4.8.0.jar:/Users/ankranja/.m2/repository/io/cucumber/cucumber-core/4.8.0/cucumber-core-4.8.0.jar:/Users/ankranja/.m2/repository/io/cucumber/tag-expressions/1.1.1/tag-expressions-1.1.1.jar:/Users/ankranja/.m2/repository/io/cucumber/cucumber-expressions/7.0.2/cucumber-expressions-7.0.2.jar:/Users/ankranja/.m2/repository/io/cucumber/datatable/1.1.14/datatable-1.1.14.jar:/Users/ankranja/.m2/repository/io/cucumber/datatable-dependencies/1.1.14/datatable-dependencies-1.1.14.jar:/Users/ankranja/.m2/repository/org/apiguardian/apiguardian-api/1.1.0/apiguardian-api-1.1.0.jar:/Users/ankranja/.m2/repository/io/cucumber/cucumber-jvm-deps/1.0.6/cucumber-jvm-deps-1.0.6.jar:/Users/ankranja/.m2/repository/io/cucumber/cucumber-junit/4.8.0/cucumber-junit-4.8.0.jar:/Users/ankranja/.m2/repository/io/cucumber/cucumber-picocontainer/4.7.4/cucumber-picocontainer-4.7.4.jar:/Users/ankranja/.m2/repository/org/picocontainer/picocontainer/2.15/picocontainer-2.15.jar:/Users/ankranja/.m2/repository/com/github/javafaker/javafaker/1.0.1/javafaker-1.0.1.jar:/Users/ankranja/.m2/repository/org/apache/commons/commons-lang3/3.5/commons-lang3-3.5.jar:/Users/ankranja/.m2/repository/org/yaml/snakeyaml/1.23/snakeyaml-1.23-android.jar:/Users/ankranja/.m2/repository/com/github/mifmif/generex/1.0.2/generex-1.0.2.jar:/Users/ankranja/.m2/repository/dk/brics/automaton/automaton/1.11-8/automaton-1.11-8.jar:/Users/ankranja/.m2/repository/de/monochromata/cucumber/reporting-plugin/3.0.7/reporting-plugin-3.0.7.jar:/Users/ankranja/.m2/repository/io/cucumber/gherkin/5.1.0/gherkin-5.1.0.jar:/Users/ankranja/.m2/repository/io/cucumber/gherkin-jvm-deps/1.0.4/gherkin-jvm-deps-1.0.4.jar:/Users/ankranja/.m2/repository/net/masterthought/cucumber-reporting/4.11.0/cucumber-reporting-4.11.0.jar:/Users/ankranja/.m2/repository/com/fasterxml/jackson/core/jackson-databind/2.10.0.pr2/jackson-databind-2.10.0.pr2.jar:/Users/ankranja/.m2/repository/com/fasterxml/jackson/core/jackson-annotations/2.10.0.pr2/jackson-annotations-2.10.0.pr2.jar:/Users/ankranja/.m2/repository/com/fasterxml/jackson/core/jackson-core/2.10.0.pr2/jackson-core-2.10.0.pr2.jar:/Users/ankranja/.m2/repository/org/apache/velocity/velocity-engine-core/2.1/velocity-engine-core-2.1.jar:/Users/ankranja/.m2/repository/commons-collections/commons-collections/3.2.2/commons-collections-3.2.2.jar:/Users/ankranja/.m2/repository/joda-time/joda-time/2.10.2/joda-time-2.10.2.jar:/Users/ankranja/.m2/repository/org/codehaus/plexus/plexus-utils/3.2.0/plexus-utils-3.2.0.jar:/Users/ankranja/.m2/repository/com/googlecode/owasp-java-html-sanitizer/owasp-java-html-sanitizer/20190610.1/owasp-java-html-sanitizer-20190610.1.jar:/Users/ankranja/.m2/repository/commons-configuration/commons-configuration/1.10/commons-configuration-1.10.jar:/Users/ankranja/.m2/repository/commons-lang/commons-lang/2.6/commons-lang-2.6.jar:/Users/ankranja/.m2/repository/io/github/bonigarcia/webdrivermanager/3.7.1/webdrivermanager-3.7.1.jar:/Users/ankranja/.m2/repository/org/slf4j/slf4j-api/1.7.25/slf4j-api-1.7.25.jar:/Users/ankranja/.m2/repository/commons-io/commons-io/2.6/commons-io-2.6.jar:/Users/ankranja/.m2/repository/com/google/code/gson/gson/2.8.5/gson-2.8.5.jar:/Users/ankranja/.m2/repository/org/rauschig/jarchivelib/1.0.0/jarchivelib-1.0.0.jar:/Users/ankranja/.m2/repository/org/apache/commons/commons-compress/1.18/commons-compress-1.18.jar:/Users/ankranja/.m2/repository/org/jsoup/jsoup/1.11.3/jsoup-1.11.3.jar:/Users/ankranja/.m2/repository/org/apache/logging/log4j/log4j-core/2.12.1/log4j-core-2.12.1.jar:/Users/ankranja/.m2/repository/org/apache/logging/log4j/log4j-api/2.12.1/log4j-api-2.12.1.jar:"/>
    <property name="sun.cpu.endian" value="little"/>
    <property name="user.home" value="/Users/ankranja"/>
    <property name="user.language" value="en"/>
    <property name="java.specification.vendor" value="Oracle Corporation"/>
    <property name="java.home" value="/Library/Java/JavaVirtualMachines/jdk1.8.0_211.jdk/Contents/Home/jre"/>
    <property name="basedir" value="/Users/ankranja/cucumber-webdriver-pageFactory"/>
    <property name="file.separator" value="/"/>
    <property name="line.separator" value="&#10;"/>
    <property name="java.vm.specification.vendor" value="Oracle Corporation"/>
    <property name="java.specification.name" value="Java Platform API Specification"/>
    <property name="java.awt.graphicsenv" value="sun.awt.CGraphicsEnvironment"/>
    <property name="surefire.real.class.path" value="/Users/ankranja/cucumber-webdriver-pageFactory/target/surefire/surefirebooter3233204362588027897.jar"/>
    <property name="sun.boot.class.path" value="/Library/Java/JavaVirtualMachines/jdk1.8.0_211.jdk/Contents/Home/jre/lib/resources.jar:/Library/Java/JavaVirtualMachines/jdk1.8.0_211.jdk/Contents/Home/jre/lib/rt.jar:/Library/Java/JavaVirtualMachines/jdk1.8.0_211.jdk/Contents/Home/jre/lib/sunrsasign.jar:/Library/Java/JavaVirtualMachines/jdk1.8.0_211.jdk/Contents/Home/jre/lib/jsse.jar:/Library/Java/JavaVirtualMachines/jdk1.8.0_211.jdk/Contents/Home/jre/lib/jce.jar:/Library/Java/JavaVirtualMachines/jdk1.8.0_211.jdk/Contents/Home/jre/lib/charsets.jar:/Library/Java/JavaVirtualMachines/jdk1.8.0_211.jdk/Contents/Home/jre/lib/jfr.jar:/Library/Java/JavaVirtualMachines/jdk1.8.0_211.jdk/Contents/Home/jre/classes"/>
    <property name="sun.management.compiler" value="HotSpot 64-Bit Tiered Compilers"/>
    <property name="java.runtime.version" value="1.8.0_211-b12"/>
    <property name="user.name" value="ankranja"/>
    <property name="path.separator" value=":"/>
    <property name="os.version" value="10.14.6"/>
    <property name="java.endorsed.dirs" value="/Library/Java/JavaVirtualMachines/jdk1.8.0_211.jdk/Contents/Home/jre/lib/endorsed"/>
    <property name="java.runtime.name" value="Java(TM) SE Runtime Environment"/>
    <property name="file.encoding" value="UTF-8"/>
    <property name="java.vm.name" value="Java HotSpot(TM) 64-Bit Server VM"/>
    <property name="localRepository" value="/Users/ankranja/.m2/repository"/>
    <property name="java.vendor.url.bug" value="http://bugreport.sun.com/bugreport/"/>
    <property name="java.io.tmpdir" value="/var/folders/35/q1l7xqr52vvchlsltv7y6_rhcpw6cz/T/"/>
    <property name="java.version" value="1.8.0_211"/>
    <property name="user.dir" value="/Users/ankranja/cucumber-webdriver-pageFactory"/>
    <property name="os.arch" value="x86_64"/>
    <property name="webdriver.gecko.driver" value="/Users/ankranja/.m2/repository/webdriver/geckodriver/macos/0.26.0/geckodriver"/>
    <property name="java.vm.specification.name" value="Java Virtual Machine Specification"/>
    <property name="java.awt.printerjob" value="sun.lwawt.macosx.CPrinterJob"/>
    <property name="sun.os.patch.level" value="unknown"/>
    <property name="java.library.path" value="/Users/ankranja/Library/Java/Extensions:/Library/Java/Extensions:/Network/Library/Java/Extensions:/System/Library/Java/Extensions:/usr/lib/java:."/>
    <property name="java.vm.info" value="mixed mode"/>
    <property name="java.vendor" value="Oracle Corporation"/>
    <property name="java.vm.version" value="25.211-b12"/>
    <property name="java.ext.dirs" value="/Users/ankranja/Library/Java/Extensions:/Library/Java/JavaVirtualMachines/jdk1.8.0_211.jdk/Contents/Home/jre/lib/ext:/Library/Java/Extensions:/Network/Library/Java/Extensions:/System/Library/Java/Extensions:/usr/lib/java"/>
    <property name="sun.io.unicode.encoding" value="UnicodeBig"/>
    <property name="java.class.version" value="52.0"/>
  </properties>
  <testcase name="Verify that user is able to logged in successfully" classname="Login Functionality" time="24.979"/>
</testsuite>